SF:lib\data\datasources\db\database_helper.dart
DA:9,0
DA:13,0
DA:17,0
DA:19,0
DA:26,0
DA:27,0
DA:28,0
DA:30,0
DA:33,0
DA:34,0
DA:39,0
DA:40,0
DA:47,0
DA:49,0
DA:57,0
DA:60,0
DA:62,0
DA:63,0
DA:64,0
DA:65,0
DA:66,0
DA:67,0
DA:76,0
DA:77,0
DA:78,0
DA:81,0
DA:86,0
DA:87,0
DA:88,0
DA:91,0
DA:95,0
DA:96,0
DA:97,0
DA:100,0
DA:101,0
DA:102,0
DA:105,0
DA:109,0
DA:110,0
DA:111,0
DA:114,0
DA:117,0
DA:118,0
DA:124,0
DA:125,0
DA:126,0
LF:46
LH:0
end_of_record
SF:lib\data\datasources\tv_local_data_source.dart
DA:24,1
DA:27,1
DA:28,3
DA:29,3
DA:33,1
DA:34,3
DA:35,3
DA:39,1
DA:40,3
DA:41,3
DA:45,1
DA:46,3
DA:47,1
DA:48,2
DA:49,4
DA:51,1
DA:56,1
DA:57,3
DA:58,1
DA:59,2
DA:60,4
DA:62,1
DA:67,1
DA:68,3
DA:69,1
DA:70,2
DA:71,4
DA:73,1
DA:78,1
DA:80,3
DA:83,2
DA:88,1
DA:90,3
DA:93,2
DA:98,1
DA:99,3
DA:100,4
DA:104,1
DA:105,3
DA:107,1
LF:40
LH:40
end_of_record
SF:lib\data\datasources\tv_remote_data_source.dart
DA:20,1
DA:25,1
DA:27,5
DA:29,2
DA:30,4
DA:32,0
DA:37,1
DA:39,5
DA:40,2
DA:41,4
DA:43,0
DA:48,1
DA:50,5
DA:51,2
DA:52,4
DA:54,0
DA:59,1
DA:60,3
DA:61,2
DA:67,2
DA:68,3
DA:70,1
DA:75,1
DA:76,2
DA:77,3
DA:79,2
DA:80,4
DA:82,1
DA:87,1
DA:88,2
DA:89,3
DA:90,2
DA:91,2
DA:92,4
DA:94,1
LF:35
LH:32
end_of_record
SF:lib\data\models\tv\tv_detail_model.dart
DA:8,3
DA:60,2
DA:61,2
DA:62,4
DA:64,4
DA:65,2
DA:67,7
DA:68,2
DA:70,6
DA:71,2
DA:73,2
DA:74,8
DA:75,4
DA:77,4
DA:78,2
DA:80,8
DA:81,4
DA:82,2
DA:84,2
DA:85,2
DA:87,2
DA:88,2
DA:90,8
DA:91,2
DA:93,2
DA:95,4
DA:96,4
DA:98,6
DA:99,4
DA:100,2
DA:102,2
DA:103,6
DA:104,2
DA:106,4
DA:107,4
DA:108,4
DA:109,4
DA:110,4
DA:111,4
DA:112,4
DA:115,2
DA:116,2
DA:117,2
DA:118,1
DA:120,3
DA:121,1
DA:123,3
DA:124,1
DA:126,5
DA:127,2
DA:128,2
DA:129,1
DA:131,4
DA:132,2
DA:134,2
DA:135,2
DA:136,1
DA:138,4
DA:139,2
DA:140,2
DA:141,2
DA:142,2
DA:143,2
DA:144,1
DA:146,3
DA:147,1
DA:149,3
DA:150,2
DA:151,2
DA:152,2
DA:153,2
DA:154,2
DA:157,2
DA:158,2
DA:159,2
DA:160,2
DA:161,2
DA:162,2
DA:163,10
DA:164,2
DA:165,2
DA:166,2
DA:167,2
DA:168,2
DA:169,2
DA:170,2
DA:171,2
DA:172,2
DA:173,2
DA:174,2
DA:175,2
DA:176,6
DA:177,6
DA:178,2
DA:179,2
DA:180,2
DA:181,2
DA:182,2
DA:186,2
DA:187,2
DA:188,2
DA:189,2
DA:190,2
DA:191,2
DA:192,2
DA:193,2
DA:194,2
DA:195,2
DA:196,2
DA:197,2
DA:198,2
DA:199,2
DA:200,2
DA:201,2
DA:202,2
DA:203,2
DA:204,2
DA:205,2
DA:206,2
DA:207,2
DA:208,2
DA:209,2
DA:210,2
DA:211,2
DA:216,2
DA:234,4
DA:236,6
DA:238,4
DA:239,4
DA:240,4
DA:241,4
DA:242,2
DA:244,4
DA:247,2
DA:248,3
DA:249,2
DA:250,2
DA:251,2
DA:252,2
DA:253,1
DA:254,2
DA:257,1
DA:258,1
DA:259,1
DA:260,1
DA:261,1
DA:262,1
DA:263,1
DA:264,1
DA:265,1
DA:269,2
DA:270,2
DA:271,2
DA:272,2
DA:273,2
DA:274,2
DA:275,2
DA:276,2
DA:277,2
DA:282,2
DA:292,2
DA:293,2
DA:294,4
DA:295,4
DA:296,4
DA:299,2
DA:300,2
DA:301,2
DA:302,2
DA:305,1
DA:306,1
DA:307,1
DA:308,1
DA:309,1
DA:313,2
DA:314,2
DA:315,2
DA:316,2
DA:317,2
LF:179
LH:179
end_of_record
SF:lib\data\models\tv\tv_model.dart
DA:6,4
DA:36,4
DA:37,2
DA:38,2
DA:39,8
DA:40,2
DA:41,2
DA:42,2
DA:43,8
DA:44,1
DA:45,2
DA:46,2
DA:47,2
DA:48,4
DA:49,2
DA:50,4
DA:51,2
DA:54,2
DA:55,1
DA:56,1
DA:57,4
DA:58,1
DA:59,1
DA:60,1
DA:61,1
DA:62,1
DA:63,1
DA:64,1
DA:65,1
DA:66,2
DA:67,1
DA:70,2
DA:71,2
DA:72,2
DA:73,2
DA:74,2
DA:75,2
DA:76,2
DA:77,2
DA:78,2
DA:79,2
DA:80,2
DA:81,2
DA:82,2
DA:83,2
DA:84,2
DA:88,2
DA:89,2
DA:90,2
DA:91,2
DA:92,2
DA:93,2
DA:94,2
DA:95,2
DA:96,2
DA:97,2
DA:98,2
DA:99,2
DA:100,2
DA:101,2
DA:102,2
LF:61
LH:61
end_of_record
SF:lib\data\models\tv\tv_table.dart
DA:13,2
DA:20,2
DA:21,1
DA:22,1
DA:23,1
DA:24,1
DA:27,2
DA:28,1
DA:29,1
DA:30,1
DA:31,1
DA:34,2
DA:35,1
DA:36,1
DA:37,1
DA:38,1
DA:41,0
DA:42,0
DA:43,0
DA:44,0
DA:45,0
DA:48,2
DA:49,1
DA:50,1
DA:51,1
DA:52,1
DA:55,2
DA:56,10
LF:28
LH:23
end_of_record
SF:lib\domain\entities\tv\tv.dart
DA:4,10
DA:20,1
DA:50,3
DA:51,3
DA:52,3
DA:53,3
DA:54,3
DA:55,3
DA:56,3
DA:57,3
DA:58,3
DA:59,3
DA:60,3
DA:61,3
DA:62,3
DA:63,3
DA:64,3
LF:17
LH:17
end_of_record
SF:lib\domain\entities\tv\tv_detail.dart
DA:6,5
DA:58,3
DA:59,3
DA:60,3
DA:61,3
DA:62,3
DA:63,3
DA:64,3
DA:65,3
DA:66,3
DA:67,3
DA:68,3
DA:69,3
DA:70,3
DA:71,3
DA:72,3
DA:73,3
DA:74,3
DA:75,3
DA:76,3
DA:77,3
DA:78,3
DA:79,3
DA:80,3
DA:81,3
DA:82,3
DA:83,3
DA:88,1
DA:106,1
DA:107,1
DA:108,1
DA:109,1
DA:110,1
DA:111,1
DA:112,1
DA:113,1
DA:114,1
DA:119,1
DA:129,1
DA:130,1
DA:131,1
DA:132,1
DA:133,1
LF:43
LH:43
end_of_record
SF:lib\data\models\tv\tv_response.dart
DA:7,2
DA:9,4
DA:10,2
DA:11,8
DA:14,2
DA:15,5
DA:18,1
DA:19,2
LF:8
LH:8
end_of_record
SF:lib\data\repositories\tv_repository_impl.dart
DA:16,1
DA:23,1
DA:24,3
DA:26,3
DA:27,1
DA:28,5
DA:29,5
DA:30,1
DA:31,2
DA:35,3
DA:36,1
DA:37,5
DA:38,1
DA:39,3
DA:45,1
DA:46,3
DA:48,3
DA:49,1
DA:50,5
DA:52,5
DA:53,1
DA:54,2
DA:58,3
DA:59,5
DA:60,1
DA:61,3
DA:67,1
DA:68,3
DA:70,3
DA:71,1
DA:72,5
DA:74,5
DA:75,1
DA:76,2
DA:80,3
DA:81,5
DA:82,1
DA:83,3
DA:89,1
DA:91,3
DA:92,2
DA:93,1
DA:94,2
DA:95,1
DA:96,2
DA:101,1
DA:103,3
DA:104,3
DA:105,1
DA:106,2
DA:107,1
DA:108,2
DA:113,1
DA:115,3
DA:116,5
DA:117,1
DA:118,2
DA:119,1
DA:120,2
DA:125,1
DA:128,4
DA:129,1
DA:130,1
DA:131,3
DA:138,1
DA:141,4
DA:142,1
DA:143,1
DA:144,3
DA:149,1
DA:150,3
DA:151,5
DA:155,1
DA:156,3
LF:74
LH:74
end_of_record
SF:lib\domain\usecases\tv\get_tv_detail.dart
DA:10,1
DA:12,1
DA:13,2
LF:3
LH:3
end_of_record
SF:lib\domain\usecases\tv\get_tv_now_playing.dart
DA:10,1
DA:12,1
DA:13,2
LF:3
LH:3
end_of_record
SF:lib\domain\usecases\tv\get_tv_popular.dart
DA:11,1
DA:13,1
DA:14,2
LF:3
LH:3
end_of_record
SF:lib\domain\usecases\tv\get_tv_recommendations.dart
DA:10,1
DA:12,1
DA:13,2
LF:3
LH:3
end_of_record
SF:lib\domain\usecases\tv\get_tv_toprated.dart
DA:11,1
DA:13,1
DA:14,2
LF:3
LH:3
end_of_record
SF:lib\presentation\bloc\tv\tv_detail_bloc\tv_detail_event.dart
DA:4,2
DA:6,0
DA:7,0
DA:13,2
DA:14,0
DA:15,0
DA:21,1
DA:22,0
DA:23,0
DA:29,1
DA:30,0
DA:31,0
LF:12
LH:4
end_of_record
SF:lib\presentation\bloc\tv\tv_detail_bloc\tv_detail_state.dart
DA:4,2
DA:6,1
DA:7,1
DA:13,2
DA:14,1
DA:15,2
DA:24,2
DA:25,1
DA:26,2
DA:33,2
DA:38,1
DA:39,4
LF:12
LH:12
end_of_record
SF:lib\presentation\bloc\tv\tv_detail_bloc\tv_detail_bloc.dart
DA:15,1
DA:21,2
DA:22,2
DA:23,1
DA:24,1
DA:25,1
DA:26,3
DA:27,1
DA:28,0
DA:29,0
DA:31,1
DA:32,2
DA:35,3
DA:38,1
DA:39,1
DA:40,1
DA:41,3
DA:42,1
DA:43,0
DA:44,0
DA:46,1
DA:47,2
DA:50,3
DA:60,1
DA:64,2
DA:65,1
DA:66,3
DA:67,3
DA:68,3
DA:69,1
DA:70,1
DA:71,3
DA:73,1
DA:74,1
DA:75,0
DA:76,0
DA:78,1
DA:79,1
DA:80,1
LF:39
LH:33
end_of_record
SF:lib\presentation\bloc\tv\tv_list_bloc\tv_list_state.dart
DA:4,5
DA:6,1
DA:7,1
DA:16,4
DA:17,1
DA:18,2
DA:28,5
DA:36,1
DA:37,1
DA:38,1
DA:39,1
DA:40,1
DA:41,1
DA:42,1
DA:43,1
LF:15
LH:15
end_of_record
SF:lib\presentation\bloc\tv\tv_list_bloc\tv_list_bloc.dart
DA:24,1
DA:28,2
DA:29,2
DA:32,1
DA:36,2
DA:37,3
DA:38,3
DA:39,3
DA:40,2
DA:41,1
DA:42,3
DA:43,1
DA:44,1
DA:45,1
DA:46,1
DA:47,0
DA:48,0
DA:49,1
DA:50,1
DA:51,1
DA:52,1
DA:53,0
DA:54,0
DA:55,1
DA:56,1
DA:57,1
DA:58,1
DA:59,1
DA:60,1
DA:61,1
DA:62,1
DA:63,1
DA:64,1
DA:65,1
LF:34
LH:30
end_of_record
SF:lib\presentation\bloc\tv\tv_list_bloc\tv_list_event.dart
DA:4,5
DA:6,0
DA:7,0
LF:3
LH:1
end_of_record
SF:lib\presentation\pages\home_tv_widget.dart
DA:14,1
DA:15,1
DA:19,1
DA:21,1
DA:22,4
DA:25,1
DA:26,1
DA:28,1
DA:29,1
DA:31,1
DA:33,1
DA:35,1
DA:37,1
DA:38,3
DA:46,1
DA:48,1
DA:50,1
DA:51,1
DA:53,1
DA:54,1
DA:56,0
DA:57,0
DA:59,1
DA:60,1
DA:61,1
DA:62,1
DA:63,1
DA:67,1
DA:68,1
DA:69,1
DA:70,1
DA:73,0
DA:77,1
DA:79,0
DA:80,0
DA:82,1
DA:83,1
DA:84,1
DA:85,1
DA:86,1
DA:90,1
DA:91,1
DA:92,1
DA:93,1
DA:96,0
DA:100,1
DA:102,0
DA:103,0
DA:105,1
DA:106,1
DA:107,1
DA:108,1
DA:109,1
DA:113,1
DA:114,1
DA:115,1
DA:116,1
DA:119,0
DA:133,2
DA:135,1
DA:137,2
DA:140,1
DA:142,1
DA:144,1
DA:145,2
DA:146,1
DA:148,1
DA:149,0
DA:150,0
DA:153,0
DA:156,1
DA:157,2
DA:158,1
DA:159,2
DA:160,2
DA:161,1
DA:163,0
DA:169,2
LF:78
LH:65
end_of_record
SF:lib\presentation\pages\tv\tv_detail_page.dart
DA:17,1
DA:19,1
DA:20,1
DA:24,1
DA:26,1
DA:27,2
DA:28,6
DA:32,1
DA:34,1
DA:35,1
DA:36,1
DA:37,1
DA:38,1
DA:39,1
DA:43,1
DA:44,1
DA:45,1
DA:46,1
DA:47,1
DA:48,1
DA:54,1
DA:57,2
DA:69,1
DA:74,0
DA:75,0
DA:76,0
DA:78,0
DA:83,0
DA:86,1
DA:88,3
DA:89,1
DA:90,1
DA:91,1
DA:92,3
DA:94,2
DA:95,1
DA:97,0
DA:99,1
DA:101,1
DA:102,1
DA:103,1
DA:104,1
DA:106,2
DA:113,1
DA:114,1
DA:115,1
DA:117,1
DA:119,1
DA:121,1
DA:122,1
DA:123,2
DA:124,1
DA:126,1
DA:127,0
DA:128,0
DA:130,0
DA:131,0
DA:132,0
DA:136,0
DA:137,0
DA:138,0
DA:142,1
DA:144,1
DA:145,1
DA:146,0
DA:147,1
DA:148,1
DA:152,1
DA:153,3
DA:155,1
DA:156,1
DA:157,1
DA:158,2
DA:159,3
DA:162,2
DA:168,4
DA:171,1
DA:172,1
DA:174,1
DA:176,1
DA:177,2
DA:179,1
DA:180,1
DA:182,1
DA:184,1
DA:185,2
DA:186,1
DA:187,1
DA:189,1
DA:191,1
DA:193,1
DA:195,1
DA:196,2
DA:197,1
DA:199,1
DA:200,0
DA:201,0
DA:204,0
DA:207,1
DA:211,1
DA:213,2
DA:214,1
DA:218,0
DA:225,2
DA:232,1
DA:234,1
DA:247,1
DA:249,1
DA:252,1
DA:253,1
DA:254,0
DA:255,0
DA:264,1
DA:266,2
DA:267,3
DA:270,1
DA:274,3
DA:277,1
DA:282,3
DA:283,1
DA:284,1
DA:286,0
DA:287,0
DA:288,0
DA:291,0
DA:293,0
DA:294,0
DA:295,0
DA:296,0
DA:297,0
DA:299,0
DA:301,0
DA:303,0
DA:304,0
DA:306,0
DA:309,0
DA:312,0
DA:314,0
DA:315,0
DA:316,0
DA:322,0
DA:323,0
DA:324,0
DA:325,0
DA:326,0
DA:327,0
DA:329,0
DA:331,0
DA:332,0
DA:333,0
DA:334,0
DA:336,0
DA:337,0
DA:338,0
LF:154
LH:100
end_of_record
SF:lib\presentation\pages\tv\tv_toprated_page.dart
DA:12,1
DA:13,1
DA:17,1
DA:19,1
DA:20,4
DA:23,1
DA:25,1
DA:26,1
DA:27,1
DA:29,1
DA:31,1
DA:32,1
DA:33,1
DA:34,1
DA:35,1
DA:39,1
DA:40,1
DA:41,2
DA:44,1
DA:45,1
DA:46,1
DA:47,1
DA:49,1
DA:52,2
LF:24
LH:24
end_of_record
SF:lib\presentation\pages\tv\tv_nowplaying_page.dart
DA:11,1
DA:12,1
DA:16,1
DA:18,1
DA:19,4
DA:23,1
DA:25,1
DA:26,1
DA:29,1
DA:31,1
DA:32,1
DA:33,1
DA:34,1
DA:35,1
DA:39,1
DA:40,1
DA:41,2
DA:44,1
DA:45,1
DA:46,1
DA:47,1
DA:49,1
DA:52,2
LF:23
LH:23
end_of_record
SF:lib\presentation\pages\tv\tv_popular_page.dart
DA:11,1
DA:12,1
DA:16,1
DA:18,1
DA:19,4
DA:22,1
DA:24,1
DA:25,1
DA:26,1
DA:28,1
DA:30,1
DA:31,1
DA:32,1
DA:33,1
DA:34,1
DA:38,1
DA:39,1
DA:40,2
DA:43,1
DA:44,1
DA:45,1
DA:46,1
DA:48,1
DA:51,2
LF:24
LH:24
end_of_record
SF:lib\presentation\widgets\tv_card_list.dart
DA:10,4
DA:12,4
DA:14,4
DA:16,4
DA:17,0
DA:18,0
DA:21,0
DA:24,4
DA:26,4
DA:27,4
DA:28,4
DA:35,4
DA:37,4
DA:38,4
DA:39,8
DA:42,4
DA:44,4
DA:45,4
DA:46,8
DA:54,4
DA:59,4
DA:60,4
DA:61,12
DA:63,8
DA:64,4
DA:66,0
DA:68,8
LF:27
LH:23
end_of_record
