SF:lib\domain\usecase\search_movies.dart
DA:9,1
DA:11,1
DA:12,2
LF:3
LH:3
end_of_record
SF:lib\domain\usecase\search_tv.dart
DA:10,1
DA:12,1
DA:13,2
LF:3
LH:3
end_of_record
SF:lib\presentation\bloc\search_bloc.dart
DA:18,3
DA:19,2
DA:20,1
DA:21,2
DA:22,2
DA:23,3
DA:24,1
DA:25,1
DA:26,3
DA:28,1
DA:29,2
DA:33,3
DA:34,1
DA:35,1
DA:36,3
DA:38,1
DA:39,2
DA:43,1
DA:46,1
DA:47,3
LF:20
LH:20
end_of_record
SF:lib\presentation\bloc\search_state.dart
DA:4,2
DA:6,1
DA:7,1
DA:17,2
DA:19,1
DA:20,2
DA:26,2
DA:28,1
DA:29,2
DA:35,2
DA:37,1
DA:38,2
LF:12
LH:12
end_of_record
SF:lib\presentation\bloc\search_event.dart
DA:4,1
DA:10,1
DA:12,0
DA:13,0
LF:4
LH:2
end_of_record
SF:lib\presentation\pages\search_page.dart
DA:13,2
DA:15,1
DA:17,1
DA:19,1
DA:26,0
DA:27,0
DA:28,0
DA:29,0
DA:31,0
DA:32,0
DA:36,1
DA:38,1
DA:39,1
DA:40,4
DA:42,1
DA:44,1
DA:46,1
DA:47,1
DA:48,0
DA:49,0
DA:50,0
DA:60,1
DA:62,1
DA:64,2
DA:65,2
DA:66,1
DA:70,1
DA:71,1
DA:72,1
DA:73,1
DA:75,1
DA:76,1
DA:77,1
DA:79,1
DA:82,1
DA:83,1
DA:84,1
DA:85,2
DA:89,1
DA:90,1
DA:94,2
DA:95,2
DA:96,1
DA:100,1
DA:101,1
DA:102,1
DA:103,1
DA:105,1
DA:106,1
DA:107,1
DA:109,1
DA:112,1
DA:113,1
DA:114,1
DA:115,2
DA:119,1
DA:120,1
LF:57
LH:48
end_of_record
