SF:lib\domain\usecase\search_movies.dart
DA:9,1
DA:11,1
DA:12,2
LF:3
LH:3
end_of_record
SF:lib\domain\usecase\search_tv.dart
DA:10,1
DA:12,1
DA:13,2
LF:3
LH:3
end_of_record
SF:lib\presentation\bloc\search_bloc.dart
DA:19,3
DA:20,2
DA:21,1
DA:22,2
DA:23,2
DA:24,3
DA:25,1
DA:26,1
DA:27,3
DA:29,1
DA:30,2
DA:34,3
DA:35,1
DA:36,1
DA:37,3
DA:39,1
DA:40,2
DA:44,1
DA:47,1
DA:48,3
LF:20
LH:20
end_of_record
SF:lib\presentation\bloc\search_state.dart
DA:4,1
DA:6,1
DA:7,1
DA:17,1
DA:19,1
DA:20,2
DA:26,1
DA:28,1
DA:29,2
DA:35,1
DA:37,1
DA:38,2
LF:12
LH:12
end_of_record
SF:lib\presentation\bloc\search_event.dart
DA:4,1
DA:10,1
DA:12,0
DA:13,0
LF:4
LH:2
end_of_record
SF:lib\presentation\pages\search_page.dart
DA:13,0
DA:15,0
DA:17,0
DA:19,0
DA:26,0
DA:27,0
DA:28,0
DA:29,0
DA:31,0
DA:32,0
DA:36,0
DA:38,0
DA:39,0
DA:40,0
DA:42,0
DA:44,0
DA:46,0
DA:47,0
DA:48,0
DA:49,0
DA:50,0
DA:60,0
DA:62,0
DA:64,0
DA:65,0
DA:66,0
DA:70,0
DA:71,0
DA:72,0
DA:73,0
DA:75,0
DA:76,0
DA:77,0
DA:79,0
DA:82,0
DA:83,0
DA:84,0
DA:85,0
DA:89,0
DA:90,0
DA:94,0
DA:95,0
DA:96,0
DA:100,0
DA:101,0
DA:102,0
DA:103,0
DA:105,0
DA:106,0
DA:107,0
DA:109,0
DA:112,0
DA:113,0
DA:114,0
DA:115,0
DA:119,0
DA:120,0
LF:57
LH:0
end_of_record
