TN:
SF:lib\domain\usecase\search_movies.dart
FNF:0
FNH:0
DA:9,1
DA:11,1
DA:12,2
LF:3
LH:3
end_of_record
TN:
SF:lib\domain\usecase\search_tv.dart
FNF:0
FNH:0
DA:10,1
DA:12,1
DA:13,2
LF:3
LH:3
end_of_record
TN:
SF:lib\presentation\bloc\search_bloc.dart
FNF:0
FNH:0
DA:19,3
DA:20,2
DA:21,1
DA:22,2
DA:23,2
DA:24,3
DA:25,1
DA:26,1
DA:27,3
DA:29,1
DA:30,2
DA:34,3
DA:35,1
DA:36,1
DA:37,3
DA:39,1
DA:40,2
DA:44,1
DA:47,1
DA:48,3
LF:20
LH:20
end_of_record
TN:
SF:lib\presentation\bloc\search_event.dart
FNF:0
FNH:0
DA:4,1
DA:10,1
DA:12,0
DA:13,0
LF:4
LH:2
end_of_record
TN:
SF:lib\presentation\bloc\search_state.dart
FNF:0
FNH:0
DA:4,1
DA:6,1
DA:7,1
DA:17,1
DA:19,1
DA:20,2
DA:26,1
DA:28,1
DA:29,2
DA:35,1
DA:37,1
DA:38,2
LF:12
LH:12
end_of_record
