TN:
SF:lib\features\movies\data\datasources\movie_local_data_source.dart
FNF:0
FNH:0
DA:22,1
DA:25,1
DA:27,3
DA:30,2
DA:35,1
DA:37,3
DA:40,2
DA:45,1
DA:46,3
DA:48,1
DA:55,1
DA:56,3
DA:57,4
DA:61,1
DA:62,3
DA:63,3
DA:67,1
DA:68,3
DA:69,3
DA:73,1
DA:74,3
DA:75,3
DA:79,1
DA:80,3
DA:81,2
DA:82,4
DA:84,1
DA:89,1
DA:90,3
DA:91,2
DA:92,4
DA:94,1
DA:99,1
DA:100,3
DA:101,2
DA:102,4
DA:104,1
LF:37
LH:37
end_of_record
TN:
SF:lib\features\movies\data\datasources\movie_remote_data_source.dart
FNF:0
FNH:0
DA:22,1
DA:25,1
DA:27,5
DA:29,2
DA:30,4
DA:32,1
DA:37,1
DA:39,5
DA:41,2
DA:42,3
DA:44,1
DA:49,1
DA:50,2
DA:51,3
DA:53,2
DA:54,4
DA:56,1
DA:61,1
DA:63,5
DA:65,2
DA:66,4
DA:68,1
DA:73,1
DA:75,5
DA:77,2
DA:78,4
DA:80,1
DA:85,1
DA:86,2
DA:87,3
DA:89,2
DA:90,4
DA:92,1
LF:33
LH:33
end_of_record
TN:
SF:lib\features\movies\data\models\genre_model.dart
FNF:0
FNH:0
DA:6,3
DA:14,2
DA:15,1
DA:16,1
DA:19,2
DA:20,1
DA:21,1
DA:24,2
DA:25,6
DA:28,1
DA:29,3
LF:11
LH:11
end_of_record
TN:
SF:lib\features\movies\data\models\movie_detail_model.dart
FNF:0
FNH:0
DA:6,2
DA:52,1
DA:53,1
DA:54,1
DA:55,1
DA:56,1
DA:57,1
DA:58,4
DA:59,1
DA:60,1
DA:61,1
DA:62,1
DA:63,1
DA:64,1
DA:65,2
DA:66,1
DA:67,1
DA:68,1
DA:69,1
DA:70,1
DA:71,1
DA:72,1
DA:73,1
DA:74,2
DA:75,1
DA:78,0
DA:79,0
DA:80,0
DA:81,0
DA:82,0
DA:83,0
DA:84,0
DA:85,0
DA:86,0
DA:87,0
DA:88,0
DA:89,0
DA:90,0
DA:91,0
DA:92,0
DA:93,0
DA:94,0
DA:95,0
DA:96,0
DA:97,0
DA:98,0
DA:99,0
DA:102,1
DA:103,1
DA:104,1
DA:105,1
DA:106,5
DA:107,1
DA:108,1
DA:109,1
DA:110,1
DA:111,1
DA:112,1
DA:113,1
DA:114,1
DA:115,1
DA:119,1
DA:120,1
DA:121,1
DA:122,1
DA:123,1
DA:124,1
DA:125,1
DA:126,1
DA:127,1
DA:128,1
DA:129,1
DA:130,1
DA:131,1
DA:132,1
DA:133,1
DA:134,1
DA:135,1
DA:136,1
DA:137,1
DA:138,1
DA:139,1
DA:140,1
DA:141,1
LF:84
LH:62
end_of_record
TN:
SF:lib\features\movies\data\models\movie_model.dart
FNF:0
FNH:0
DA:7,4
DA:37,4
DA:38,2
DA:39,2
DA:40,8
DA:41,2
DA:42,2
DA:43,2
DA:44,4
DA:45,2
DA:46,2
DA:47,2
DA:48,2
DA:49,4
DA:50,2
DA:53,2
DA:54,1
DA:55,1
DA:56,4
DA:57,1
DA:58,1
DA:59,1
DA:60,1
DA:61,1
DA:62,1
DA:63,1
DA:64,1
DA:65,1
DA:66,1
DA:69,2
DA:70,2
DA:71,2
DA:72,2
DA:73,2
DA:74,2
DA:75,2
DA:76,2
DA:77,2
DA:78,2
DA:79,2
DA:80,2
DA:81,2
DA:82,2
DA:83,2
DA:87,2
DA:88,2
DA:89,2
DA:90,2
DA:91,2
DA:92,2
DA:93,2
DA:94,2
DA:95,2
DA:96,2
DA:97,2
DA:98,2
DA:99,2
DA:100,2
DA:101,2
LF:59
LH:59
end_of_record
TN:
SF:lib\features\movies\data\models\movie_response.dart
FNF:0
FNH:0
DA:8,2
DA:10,4
DA:11,4
DA:12,6
DA:13,6
DA:16,2
DA:17,5
DA:20,1
DA:21,2
LF:9
LH:9
end_of_record
TN:
SF:lib\features\movies\data\models\movie_table.dart
FNF:0
FNH:0
DA:12,2
DA:19,2
DA:20,1
DA:21,1
DA:22,1
DA:23,1
DA:26,2
DA:27,1
DA:28,1
DA:29,1
DA:30,1
DA:33,2
DA:34,1
DA:35,1
DA:36,1
DA:37,1
DA:40,0
DA:41,0
DA:42,0
DA:43,0
DA:44,0
DA:47,2
DA:48,1
DA:49,1
DA:50,1
DA:51,1
DA:54,2
DA:55,10
LF:28
LH:23
end_of_record
TN:
SF:lib\features\movies\data\repositories\movie_repository_impl.dart
FNF:0
FNH:0
DA:18,1
DA:25,1
DA:26,3
DA:28,3
DA:29,2
DA:30,4
DA:31,5
DA:32,1
DA:33,2
DA:37,3
DA:38,5
DA:39,1
DA:40,3
DA:46,1
DA:48,3
DA:49,2
DA:50,1
DA:51,2
DA:52,1
DA:53,2
DA:58,1
DA:60,3
DA:61,3
DA:62,1
DA:63,2
DA:64,1
DA:65,2
DA:70,1
DA:71,3
DA:73,3
DA:74,2
DA:75,4
DA:76,5
DA:77,1
DA:78,2
DA:82,3
DA:83,5
DA:84,1
DA:85,3
DA:91,1
DA:92,3
DA:94,3
DA:95,2
DA:96,4
DA:97,5
DA:98,1
DA:99,2
DA:103,3
DA:104,5
DA:105,1
DA:106,3
DA:112,1
DA:114,3
DA:115,5
DA:116,1
DA:117,2
DA:118,1
DA:119,2
DA:124,1
DA:127,4
DA:128,1
DA:129,1
DA:130,3
DA:137,1
DA:140,4
DA:141,1
DA:142,1
DA:143,3
DA:148,1
DA:149,3
DA:154,1
DA:155,3
DA:156,5
LF:73
LH:73
end_of_record
TN:
SF:lib\features\movies\domain\entities\genre.dart
FNF:0
FNH:0
DA:4,6
DA:12,3
DA:13,9
LF:3
LH:3
end_of_record
TN:
SF:lib\features\movies\domain\entities\movie.dart
FNF:0
FNH:0
DA:4,5
DA:20,1
DA:41,4
DA:42,4
DA:43,4
DA:44,4
DA:45,4
DA:46,4
DA:47,4
DA:48,4
DA:49,4
DA:50,4
DA:51,4
DA:52,4
DA:53,4
DA:54,4
DA:55,4
LF:17
LH:17
end_of_record
TN:
SF:lib\features\movies\domain\entities\movie_detail.dart
FNF:0
FNH:0
DA:5,5
DA:33,2
DA:34,2
DA:35,2
DA:36,2
DA:37,2
DA:38,2
DA:39,2
DA:40,2
DA:41,2
DA:42,2
DA:43,2
DA:44,2
DA:45,2
LF:14
LH:14
end_of_record
TN:
SF:lib\features\movies\domain\usecases\get_movie_detail.dart
FNF:0
FNH:0
DA:10,1
DA:12,1
DA:13,2
LF:3
LH:3
end_of_record
TN:
SF:lib\features\movies\domain\usecases\get_movie_recommendations.dart
FNF:0
FNH:0
DA:9,1
DA:11,1
DA:12,2
LF:3
LH:3
end_of_record
TN:
SF:lib\features\movies\domain\usecases\get_now_playing_movies.dart
FNF:0
FNH:0
DA:9,1
DA:11,1
DA:12,2
LF:3
LH:3
end_of_record
TN:
SF:lib\features\movies\domain\usecases\get_popular_movies.dart
FNF:0
FNH:0
DA:9,1
DA:11,1
DA:12,2
LF:3
LH:3
end_of_record
TN:
SF:lib\features\movies\domain\usecases\get_top_rated_movies.dart
FNF:0
FNH:0
DA:9,1
DA:11,1
DA:12,2
LF:3
LH:3
end_of_record
TN:
SF:lib\features\movies\presentation\bloc\movie\movie_detail_bloc\movie_detail_bloc.dart
FNF:0
FNH:0
DA:15,1
DA:21,2
DA:22,2
DA:23,1
DA:24,1
DA:25,1
DA:26,3
DA:27,1
DA:28,0
DA:29,0
DA:31,1
DA:32,2
DA:35,3
DA:38,1
DA:39,1
DA:40,1
DA:41,3
DA:42,1
DA:43,0
DA:44,0
DA:46,1
DA:47,2
DA:50,3
DA:60,1
DA:64,2
DA:65,1
DA:66,3
DA:67,3
DA:68,3
DA:69,1
DA:70,1
DA:71,3
DA:73,1
DA:74,1
DA:75,0
DA:76,0
DA:78,1
DA:79,1
DA:80,1
LF:39
LH:33
end_of_record
TN:
SF:lib\features\movies\presentation\bloc\movie\movie_detail_bloc\movie_detail_event.dart
FNF:0
FNH:0
DA:4,1
DA:6,0
DA:7,0
DA:13,1
DA:14,0
DA:15,0
DA:21,1
DA:22,0
DA:23,0
DA:28,1
DA:29,0
DA:30,0
LF:12
LH:4
end_of_record
TN:
SF:lib\features\movies\presentation\bloc\movie\movie_detail_bloc\movie_detail_state.dart
FNF:0
FNH:0
DA:4,1
DA:6,1
DA:7,1
DA:12,1
DA:13,1
DA:14,2
DA:23,1
DA:24,1
DA:25,2
DA:32,1
DA:37,1
DA:38,4
LF:12
LH:12
end_of_record
TN:
SF:lib\features\movies\presentation\bloc\movie\movie_list_bloc\movie_list_bloc.dart
FNF:0
FNH:0
DA:14,1
DA:18,2
DA:19,2
DA:30,1
DA:34,2
DA:35,3
DA:36,3
DA:37,3
DA:38,2
DA:39,1
DA:40,1
DA:41,1
DA:42,1
DA:43,1
DA:45,2
DA:46,1
DA:47,1
DA:48,1
DA:49,1
DA:50,1
DA:52,2
DA:53,1
DA:54,1
DA:55,1
DA:56,1
DA:57,1
DA:58,1
DA:59,1
DA:60,1
DA:61,1
DA:62,1
DA:63,1
DA:64,1
DA:65,1
LF:34
LH:34
end_of_record
TN:
SF:lib\features\movies\presentation\bloc\movie\movie_list_bloc\movie_list_event.dart
FNF:0
FNH:0
DA:4,1
DA:6,0
DA:7,0
LF:3
LH:1
end_of_record
TN:
SF:lib\features\movies\presentation\bloc\movie\movie_list_bloc\movie_list_state.dart
FNF:0
FNH:0
DA:4,18
DA:6,1
DA:7,1
DA:16,18
DA:17,1
DA:18,2
DA:28,1
DA:36,1
DA:37,1
DA:38,1
DA:39,1
DA:40,1
DA:41,1
DA:42,1
DA:43,1
LF:15
LH:15
end_of_record
