SF:lib\domain\usecases\movie\get_watchlist_movies.dart
DA:10,1
DA:12,1
DA:13,2
LF:3
LH:3
end_of_record
SF:lib\domain\usecases\movie\get_watchlist_status.dart
DA:7,1
DA:9,1
DA:10,2
LF:3
LH:3
end_of_record
SF:lib\domain\usecases\movie\remove_watchlist.dart
DA:9,1
DA:11,1
DA:12,2
LF:3
LH:3
end_of_record
SF:lib\domain\usecases\movie\save_watchlist.dart
DA:9,1
DA:11,1
DA:12,2
LF:3
LH:3
end_of_record
SF:lib\domain\usecases\tv\get_tv_watchlist.dart
DA:9,1
DA:11,1
DA:12,2
LF:3
LH:3
end_of_record
SF:lib\domain\usecases\tv\get_tv_watchlist_status.dart
DA:7,1
DA:9,1
DA:10,2
LF:3
LH:3
end_of_record
SF:lib\domain\usecases\tv\tv_remove_watchlist.dart
DA:9,1
DA:11,1
DA:12,2
LF:3
LH:3
end_of_record
SF:lib\domain\usecases\tv\tv_save_watchlist.dart
DA:9,1
DA:11,1
DA:12,2
LF:3
LH:3
end_of_record
SF:lib\presentation\bloc\movie\watchlist_bloc\watchlist_state.dart
DA:4,2
DA:6,1
DA:7,1
DA:16,2
DA:17,1
DA:18,2
DA:27,2
DA:33,1
DA:34,1
DA:35,1
DA:36,1
DA:37,1
DA:38,1
LF:13
LH:13
end_of_record
SF:lib\presentation\bloc\movie\watchlist_bloc\watchlist_bloc.dart
DA:12,1
DA:15,2
DA:16,2
DA:25,1
DA:29,2
DA:30,1
DA:31,1
DA:32,3
DA:33,3
DA:34,1
DA:35,1
DA:36,1
DA:37,3
DA:39,1
DA:40,1
DA:41,1
DA:42,1
DA:43,0
DA:44,0
DA:45,0
DA:47,1
DA:48,1
DA:49,1
DA:50,1
DA:51,1
DA:52,1
DA:53,1
DA:54,1
DA:55,1
LF:29
LH:26
end_of_record
SF:lib\presentation\bloc\movie\watchlist_bloc\watchlist_event.dart
DA:6,0
DA:7,0
LF:2
LH:0
end_of_record
SF:lib\presentation\pages\watchlist_movies_page.dart
DA:12,2
DA:14,1
DA:15,1
DA:20,1
DA:22,1
DA:23,4
DA:26,1
DA:28,1
DA:29,4
DA:32,0
DA:34,0
DA:37,1
DA:39,1
DA:40,1
DA:43,1
DA:45,1
DA:46,1
DA:47,1
DA:58,1
DA:61,1
DA:62,1
DA:63,1
DA:64,1
DA:66,1
DA:67,1
DA:68,1
DA:69,1
DA:70,1
DA:74,1
DA:75,1
DA:76,1
DA:77,1
DA:78,1
DA:79,1
DA:81,1
DA:84,2
DA:89,1
DA:91,1
DA:92,0
DA:93,0
DA:94,0
DA:95,0
DA:99,0
DA:100,0
DA:101,0
DA:102,0
DA:103,0
DA:104,0
DA:106,0
DA:108,0
DA:111,0
DA:125,1
DA:127,2
DA:128,1
LF:54
LH:39
end_of_record
