TN:
SF:lib\domain\usecases\movie\get_watchlist_movies.dart
FNF:0
FNH:0
DA:10,1
DA:12,1
DA:13,2
LF:3
LH:3
end_of_record
TN:
SF:lib\domain\usecases\movie\get_watchlist_status.dart
FNF:0
FNH:0
DA:7,1
DA:9,1
DA:10,2
LF:3
LH:3
end_of_record
TN:
SF:lib\domain\usecases\movie\remove_watchlist.dart
FNF:0
FNH:0
DA:9,1
DA:11,1
DA:12,2
LF:3
LH:3
end_of_record
TN:
SF:lib\domain\usecases\movie\save_watchlist.dart
FNF:0
FNH:0
DA:9,1
DA:11,1
DA:12,2
LF:3
LH:3
end_of_record
TN:
SF:lib\domain\usecases\tv\get_tv_watchlist.dart
FNF:0
FNH:0
DA:9,1
DA:11,1
DA:12,2
LF:3
LH:3
end_of_record
TN:
SF:lib\domain\usecases\tv\get_tv_watchlist_status.dart
FNF:0
FNH:0
DA:7,1
DA:9,1
DA:10,2
LF:3
LH:3
end_of_record
TN:
SF:lib\domain\usecases\tv\tv_remove_watchlist.dart
FNF:0
FNH:0
DA:9,1
DA:11,1
DA:12,2
LF:3
LH:3
end_of_record
TN:
SF:lib\domain\usecases\tv\tv_save_watchlist.dart
FNF:0
FNH:0
DA:9,1
DA:11,1
DA:12,2
LF:3
LH:3
end_of_record
TN:
SF:lib\presentation\bloc\movie\watchlist_bloc\watchlist_bloc.dart
FNF:0
FNH:0
DA:12,1
DA:15,2
DA:16,2
DA:25,1
DA:29,2
DA:30,1
DA:31,1
DA:32,3
DA:33,3
DA:34,1
DA:35,1
DA:36,1
DA:37,3
DA:39,1
DA:40,1
DA:41,1
DA:42,1
DA:43,0
DA:44,0
DA:45,0
DA:47,1
DA:48,1
DA:49,1
DA:50,1
DA:51,1
DA:52,1
DA:53,1
DA:54,1
DA:55,1
LF:29
LH:26
end_of_record
TN:
SF:lib\presentation\bloc\movie\watchlist_bloc\watchlist_event.dart
FNF:0
FNH:0
DA:6,0
DA:7,0
LF:2
LH:0
end_of_record
TN:
SF:lib\presentation\bloc\movie\watchlist_bloc\watchlist_state.dart
FNF:0
FNH:0
DA:4,1
DA:6,1
DA:7,1
DA:16,1
DA:17,1
DA:18,2
DA:27,1
DA:33,1
DA:34,1
DA:35,1
DA:36,1
DA:37,1
DA:38,1
LF:13
LH:13
end_of_record
